<?xml version="1.0" encoding="UTF-8"?>
<!-- Generated by org.testng.reporters.JUnitXMLReporter -->
<testsuite ignored="0" hostname="DESKTOP-EVK9GMC" failures="0" tests="3" name="Test" time="132.438" errors="0" timestamp="2021-01-13T09:08:26 IST">
  <testcase classname="com.Skillrary.testscripts.Addtocarttc2" name="addtocarttc2" time="16.528"/>
  <testcase classname="com.Skillrary.testscripts.ViewAllcources" name="viewallcources" time="13.367"/>
  <testcase classname="com.Skillrary.testscripts.TakeingCourse" name="takecoursetc1" time="29.878"/>
</testsuite> <!-- Test -->
