<?xml version="1.0" encoding="UTF-8"?>
<testng-results ignored="0" total="3" passed="3" failed="0" skipped="0">
  <reporter-output>
  </reporter-output>
  <suite started-at="2021-01-13T09:06:13 IST" name="Suite" finished-at="2021-01-13T09:08:26 IST" duration-ms="132438">
    <groups>
    </groups>
    <test started-at="2021-01-13T09:06:13 IST" name="Test" finished-at="2021-01-13T09:08:26 IST" duration-ms="132438">
      <class name="com.Skillrary.testscripts.ViewAllcources">
        <test-method is-config="true" signature="openaopp()[pri:0, instance:com.Skillrary.testscripts.ViewAllcources@5552768b]" started-at="2021-01-13T09:06:52 IST" name="openaopp" finished-at="2021-01-13T09:07:15 IST" duration-ms="22416" status="PASS">
          <reporter-output>
          </reporter-output>
        </test-method> <!-- openaopp -->
        <test-method signature="viewallcources()[pri:0, instance:com.Skillrary.testscripts.ViewAllcources@5552768b]" started-at="2021-01-13T09:07:15 IST" name="viewallcources" finished-at="2021-01-13T09:07:28 IST" duration-ms="13367" status="PASS">
          <reporter-output>
          </reporter-output>
        </test-method> <!-- viewallcources -->
        <test-method is-config="true" signature="closeapp(org.testng.ITestResult)[pri:0, instance:com.Skillrary.testscripts.ViewAllcources@5552768b]" started-at="2021-01-13T09:07:28 IST" name="closeapp" finished-at="2021-01-13T09:07:28 IST" duration-ms="404" status="PASS">
          <params>
            <param index="0">
              <value>
                <![CDATA[[TestResult name=viewallcources status=SUCCESS method=ViewAllcources.viewallcources()[pri:0, instance:com.Skillrary.testscripts.ViewAllcources@5552768b] output={null}]]]>
              </value>
            </param>
          </params>
          <reporter-output>
          </reporter-output>
        </test-method> <!-- closeapp -->
      </class> <!-- com.Skillrary.testscripts.ViewAllcources -->
      <class name="com.Skillrary.testscripts.TakeingCourse">
        <test-method is-config="true" signature="openaopp()[pri:0, instance:com.Skillrary.testscripts.TakeingCourse@3c947bc5]" started-at="2021-01-13T09:07:28 IST" name="openaopp" finished-at="2021-01-13T09:07:54 IST" duration-ms="25245" status="PASS">
          <reporter-output>
          </reporter-output>
        </test-method> <!-- openaopp -->
        <test-method signature="takecoursetc1()[pri:0, instance:com.Skillrary.testscripts.TakeingCourse@3c947bc5]" started-at="2021-01-13T09:07:54 IST" name="takecoursetc1" finished-at="2021-01-13T09:08:24 IST" duration-ms="29878" status="PASS">
          <reporter-output>
          </reporter-output>
        </test-method> <!-- takecoursetc1 -->
        <test-method is-config="true" signature="closeapp(org.testng.ITestResult)[pri:0, instance:com.Skillrary.testscripts.TakeingCourse@3c947bc5]" started-at="2021-01-13T09:08:24 IST" name="closeapp" finished-at="2021-01-13T09:08:26 IST" duration-ms="2029" status="PASS">
          <params>
            <param index="0">
              <value>
                <![CDATA[[TestResult name=takecoursetc1 status=SUCCESS method=TakeingCourse.takecoursetc1()[pri:0, instance:com.Skillrary.testscripts.TakeingCourse@3c947bc5] output={null}]]]>
              </value>
            </param>
          </params>
          <reporter-output>
          </reporter-output>
        </test-method> <!-- closeapp -->
      </class> <!-- com.Skillrary.testscripts.TakeingCourse -->
      <class name="com.Skillrary.testscripts.Addtocarttc2">
        <test-method is-config="true" signature="openaopp()[pri:0, instance:com.Skillrary.testscripts.Addtocarttc2@671a5887]" started-at="2021-01-13T09:06:13 IST" name="openaopp" finished-at="2021-01-13T09:06:35 IST" duration-ms="22151" status="PASS">
          <reporter-output>
          </reporter-output>
        </test-method> <!-- openaopp -->
        <test-method signature="addtocarttc2()[pri:0, instance:com.Skillrary.testscripts.Addtocarttc2@671a5887]" started-at="2021-01-13T09:06:35 IST" name="addtocarttc2" finished-at="2021-01-13T09:06:52 IST" duration-ms="16528" status="PASS">
          <reporter-output>
          </reporter-output>
        </test-method> <!-- addtocarttc2 -->
        <test-method is-config="true" signature="closeapp(org.testng.ITestResult)[pri:0, instance:com.Skillrary.testscripts.Addtocarttc2@671a5887]" started-at="2021-01-13T09:06:52 IST" name="closeapp" finished-at="2021-01-13T09:06:52 IST" duration-ms="309" status="PASS">
          <params>
            <param index="0">
              <value>
                <![CDATA[[TestResult name=addtocarttc2 status=SUCCESS method=Addtocarttc2.addtocarttc2()[pri:0, instance:com.Skillrary.testscripts.Addtocarttc2@671a5887] output={null}]]]>
              </value>
            </param>
          </params>
          <reporter-output>
          </reporter-output>
        </test-method> <!-- closeapp -->
      </class> <!-- com.Skillrary.testscripts.Addtocarttc2 -->
    </test> <!-- Test -->
  </suite> <!-- Suite -->
</testng-results>
